0 info it worked if it ends with ok
1 verbose cli [ 'node', '/Users/flow/npm/bin/npm', 'version', 'patch' ]
2 info using npm@1.4.21
3 info using node@v0.10.30
4 error version Bad package.json data
5 error SyntaxError: Unexpected token }
5 error     at Object.parse (native)
5 error     at /Users/flow/npm/lib/node_modules/npm/lib/version.js:54:19
5 error     at evalmachine.<anonymous>:271:14
5 error     at /Users/flow/npm/lib/node_modules/npm/node_modules/graceful-fs/graceful-fs.js:102:5
5 error     at Object.oncomplete (evalmachine.<anonymous>:107:15)
6 error If you need help, you may report this *entire* log,
6 error including the npm and node versions, at:
6 error     <http://github.com/npm/npm/issues>
7 error System Darwin 12.4.0
8 error command "node" "/Users/flow/npm/bin/npm" "version" "patch"
9 error cwd /Volumes/Storage/cnd/node_modules/copypaste
10 error node -v v0.10.30
11 error npm -v 1.4.21
12 error type unexpected_token
13 verbose exit [ 1, true ]
